# JRE version: Java(TM) SE Runtime Environment (8.0_25-b17) (build 1.8.0_25-b17)
# Java VM: Java HotSpot(TM) 64-Bit Server VM (25.25-b02 mixed mode bsd-amd64 compressed oops)
Heap:
 PSYoungGen      total 378368K, used 335311K [0x00000007a0000000, 0x00000007bc080000, 0x00000007c0000000)
  eden space 330240K, 93% used [0x00000007a0000000,0x00000007b2dc2508,0x00000007b4280000)
  from space 48128K, 54% used [0x00000007b9180000,0x00000007bab31980,0x00000007bc080000)
  to   space 64512K, 0% used [0x00000007b4280000,0x00000007b4280000,0x00000007b8180000)
 ParOldGen       total 300032K, used 216775K [0x0000000760000000, 0x0000000772500000, 0x00000007a0000000)
  object space 300032K, 72% used [0x0000000760000000,0x000000076d3b1cc0,0x0000000772500000)
 Metaspace       used 80015K, capacity 83626K, committed 83800K, reserved 1122304K
  class space    used 10549K, capacity 11276K, committed 11392K, reserved 1048576K
GC Heap History (10 events):
Event: 1602.933 GC heap before
{Heap before GC invocations=24 (full 4):
 PSYoungGen      total 443392K, used 367457K [0x00000007a0000000, 0x00000007bfe80000, 0x00000007c0000000)
  eden space 365568K, 100% used [0x00000007a0000000,0x00000007b6500000,0x00000007b6500000)
  from space 77824K, 2% used [0x00000007b6500000,0x00000007b66d8540,0x00000007bb100000)
  to   space 77312K, 0% used [0x00000007bb300000,0x00000007bb300000,0x00000007bfe80000)
 ParOldGen       total 300032K, used 216735K [0x0000000760000000, 0x0000000772500000, 0x00000007a0000000)
  object space 300032K, 72% used [0x0000000760000000,0x000000076d3a7cc0,0x0000000772500000)
 Metaspace       used 72935K, capacity 75946K, committed 76120K, reserved 1116160K
  class space    used 9735K, capacity 10339K, committed 10368K, reserved 1048576K
Event: 1602.945 GC heap after
Heap after GC invocations=24 (full 4):
 PSYoungGen      total 442368K, used 10818K [0x00000007a0000000, 0x00000007bfa80000, 0x00000007c0000000)
  eden space 369152K, 0% used [0x00000007a0000000,0x00000007a0000000,0x00000007b6880000)
  from space 73216K, 14% used [0x00000007bb300000,0x00000007bbd90a98,0x00000007bfa80000)
  to   space 74752K, 0% used [0x00000007b6880000,0x00000007b6880000,0x00000007bb180000)
 ParOldGen       total 300032K, used 216743K [0x0000000760000000, 0x0000000772500000, 0x00000007a0000000)
  object space 300032K, 72% used [0x0000000760000000,0x000000076d3a9cc0,0x0000000772500000)
 Metaspace       used 72935K, capacity 75946K, committed 76120K, reserved 1116160K
  class space    used 9735K, capacity 10339K, committed 10368K, reserved 1048576K
}
Event: 1613.826 GC heap before
{Heap before GC invocations=25 (full 4):
 PSYoungGen      total 442368K, used 379970K [0x00000007a0000000, 0x00000007bfa80000, 0x00000007c0000000)
  eden space 369152K, 100% used [0x00000007a0000000,0x00000007b6880000,0x00000007b6880000)
  from space 73216K, 14% used [0x00000007bb300000,0x00000007bbd90a98,0x00000007bfa80000)
  to   space 74752K, 0% used [0x00000007b6880000,0x00000007b6880000,0x00000007bb180000)
 ParOldGen       total 300032K, used 216743K [0x0000000760000000, 0x0000000772500000, 0x00000007a0000000)
  object space 300032K, 72% used [0x0000000760000000,0x000000076d3a9cc0,0x0000000772500000)
 Metaspace       used 73610K, capacity 76622K, committed 76760K, reserved 1116160K
  class space    used 9794K, capacity 10397K, committed 10496K, reserved 1048576K
Event: 1613.854 GC heap after
Heap after GC invocations=25 (full 4):
 PSYoungGen      total 443904K, used 28932K [0x00000007a0000000, 0x00000007bfb80000, 0x00000007c0000000)
  eden space 369152K, 0% used [0x00000007a0000000,0x00000007a0000000,0x00000007b6880000)
  from space 74752K, 38% used [0x00000007b6880000,0x00000007b84c1140,0x00000007bb180000)
  to   space 71680K, 0% used [0x00000007bb580000,0x00000007bb580000,0x00000007bfb80000)
 ParOldGen       total 300032K, used 216751K [0x0000000760000000, 0x0000000772500000, 0x00000007a0000000)
  object space 300032K, 72% used [0x0000000760000000,0x000000076d3abcc0,0x0000000772500000)
 Metaspace       used 73610K, capacity 76622K, committed 76760K, reserved 1116160K
  class space    used 9794K, capacity 10397K, committed 10496K, reserved 1048576K
}
Event: 1817.014 GC heap before
{Heap before GC invocations=26 (full 4):
 PSYoungGen      total 443904K, used 398084K [0x00000007a0000000, 0x00000007bfb80000, 0x00000007c0000000)
  eden space 369152K, 100% used [0x00000007a0000000,0x00000007b6880000,0x00000007b6880000)
  from space 74752K, 38% used [0x00000007b6880000,0x00000007b84c1140,0x00000007bb180000)
  to   space 71680K, 0% used [0x00000007bb580000,0x00000007bb580000,0x00000007bfb80000)
 ParOldGen       total 300032K, used 216751K [0x0000000760000000, 0x0000000772500000, 0x00000007a0000000)
  object space 300032K, 72% used [0x0000000760000000,0x000000076d3abcc0,0x0000000772500000)
 Metaspace       used 79100K, capacity 82510K, committed 82776K, reserved 1120256K
  class space    used 10470K, capacity 11120K, committed 11136K, reserved 1048576K
Event: 1817.056 GC heap after
Heap after GC invocations=26 (full 4):
 PSYoungGen      total 397824K, used 26941K [0x00000007a0000000, 0x00000007bdf00000, 0x00000007c0000000)
  eden space 355328K, 0% used [0x00000007a0000000,0x00000007a0000000,0x00000007b5b00000)
  from space 42496K, 63% used [0x00000007bb580000,0x00000007bcfcf460,0x00000007bdf00000)
  to   space 67584K, 0% used [0x00000007b5b00000,0x00000007b5b00000,0x00000007b9d00000)
 ParOldGen       total 300032K, used 216759K [0x0000000760000000, 0x0000000772500000, 0x00000007a0000000)
  object space 300032K, 72% used [0x0000000760000000,0x000000076d3adcc0,0x0000000772500000)
 Metaspace       used 79100K, capacity 82510K, committed 82776K, reserved 1120256K
  class space    used 10470K, capacity 11120K, committed 11136K, reserved 1048576K
}
Event: 1821.006 GC heap before
{Heap before GC invocations=27 (full 4):
 PSYoungGen      total 397824K, used 382269K [0x00000007a0000000, 0x00000007bdf00000, 0x00000007c0000000)
  eden space 355328K, 100% used [0x00000007a0000000,0x00000007b5b00000,0x00000007b5b00000)
  from space 42496K, 63% used [0x00000007bb580000,0x00000007bcfcf460,0x00000007bdf00000)
  to   space 67584K, 0% used [0x00000007b5b00000,0x00000007b5b00000,0x00000007b9d00000)
 ParOldGen       total 300032K, used 216759K [0x0000000760000000, 0x0000000772500000, 0x00000007a0000000)
  object space 300032K, 72% used [0x0000000760000000,0x000000076d3adcc0,0x0000000772500000)
 Metaspace       used 79263K, capacity 82590K, committed 82776K, reserved 1120256K
  class space    used 10481K, capacity 11136K, committed 11136K, reserved 1048576K
Event: 1821.039 GC heap after
Heap after GC invocations=27 (full 4):
 PSYoungGen      total 380928K, used 38317K [0x00000007a0000000, 0x00000007bd480000, 0x00000007c0000000)
  eden space 342528K, 0% used [0x00000007a0000000,0x00000007a0000000,0x00000007b4e80000)
  from space 38400K, 99% used [0x00000007b5b00000,0x00000007b806b530,0x00000007b8080000)
  to   space 68608K, 0% used [0x00000007b9180000,0x00000007b9180000,0x00000007bd480000)
 ParOldGen       total 300032K, used 216767K [0x0000000760000000, 0x0000000772500000, 0x00000007a0000000)
  object space 300032K, 72% used [0x0000000760000000,0x000000076d3afcc0,0x0000000772500000)
 Metaspace       used 79263K, capacity 82590K, committed 82776K, reserved 1120256K
  class space    used 10481K, capacity 11136K, committed 11136K, reserved 1048576K
}
Event: 1937.923 GC heap before
{Heap before GC invocations=28 (full 4):
 PSYoungGen      total 380928K, used 380845K [0x00000007a0000000, 0x00000007bd480000, 0x00000007c0000000)
  eden space 342528K, 100% used [0x00000007a0000000,0x00000007b4e80000,0x00000007b4e80000)
  from space 38400K, 99% used [0x00000007b5b00000,0x00000007b806b530,0x00000007b8080000)
  to   space 68608K, 0% used [0x00000007b9180000,0x00000007b9180000,0x00000007bd480000)
 ParOldGen       total 300032K, used 216767K [0x0000000760000000, 0x0000000772500000, 0x00000007a0000000)
  object space 300032K, 72% used [0x0000000760000000,0x000000076d3afcc0,0x0000000772500000)
 Metaspace       used 79855K, capacity 83510K, committed 83672K, reserved 1122304K
  class space    used 10540K, capacity 11260K, committed 11264K, reserved 1048576K
Event: 1937.989 GC heap after
Heap after GC invocations=28 (full 4):
 PSYoungGen      total 378368K, used 26310K [0x00000007a0000000, 0x00000007bc080000, 0x00000007c0000000)
  eden space 330240K, 0% used [0x00000007a0000000,0x00000007a0000000,0x00000007b4280000)
  from space 48128K, 54% used [0x00000007b9180000,0x00000007bab31980,0x00000007bc080000)
  to   space 64512K, 0% used [0x00000007b4280000,0x00000007b4280000,0x00000007b8180000)
 ParOldGen       total 300032K, used 216775K [0x0000000760000000, 0x0000000772500000, 0x00000007a0000000)
  object space 300032K, 72% used [0x0000000760000000,0x000000076d3b1cc0,0x0000000772500000)
 Metaspace       used 79855K, capacity 83510K, committed 83672K, reserved 1122304K
  class space    used 10540K, capacity 11260K, committed 11264K, reserved 1048576K
}

