# JRE version: Java(TM) SE Runtime Environment (8.0_25-b17) (build 1.8.0_25-b17)
# Java VM: Java HotSpot(TM) 64-Bit Server VM (25.25-b02 mixed mode bsd-amd64 compressed oops)
Heap:
 PSYoungGen      total 365056K, used 79564K [0x00000007a0000000, 0x00000007c0000000, 0x00000007c0000000)
  eden space 205824K, 0% used [0x00000007a0000000,0x00000007a0000000,0x00000007ac900000)
  from space 159232K, 49% used [0x00000007ac900000,0x00000007b16b32c8,0x00000007b6480000)
  to   space 156160K, 0% used [0x00000007b6780000,0x00000007b6780000,0x00000007c0000000)
 ParOldGen       total 468480K, used 437394K [0x0000000760000000, 0x000000077c980000, 0x00000007a0000000)
  object space 468480K, 93% used [0x0000000760000000,0x000000077ab24a50,0x000000077c980000)
 Metaspace       used 105016K, capacity 116534K, committed 117632K, reserved 1150976K
  class space    used 13557K, capacity 16298K, committed 16512K, reserved 1048576K
GC Heap History (10 events):
Event: 5535.660 GC heap after
Heap after GC invocations=178 (full 9):
 PSYoungGen      total 419328K, used 56424K [0x00000007a0000000, 0x00000007c0000000, 0x00000007c0000000)
  eden space 323072K, 0% used [0x00000007a0000000,0x00000007a0000000,0x00000007b3b80000)
  from space 96256K, 58% used [0x00000007b3b80000,0x00000007b729a120,0x00000007b9980000)
  to   space 97792K, 0% used [0x00000007ba080000,0x00000007ba080000,0x00000007c0000000)
 ParOldGen       total 468480K, used 267296K [0x0000000760000000, 0x000000077c980000, 0x00000007a0000000)
  object space 468480K, 57% used [0x0000000760000000,0x0000000770508190,0x000000077c980000)
 Metaspace       used 105016K, capacity 116534K, committed 117632K, reserved 1150976K
  class space    used 13557K, capacity 16298K, committed 16512K, reserved 1048576K
}
Event: 5536.610 GC heap before
{Heap before GC invocations=179 (full 9):
 PSYoungGen      total 419328K, used 379496K [0x00000007a0000000, 0x00000007c0000000, 0x00000007c0000000)
  eden space 323072K, 100% used [0x00000007a0000000,0x00000007b3b80000,0x00000007b3b80000)
  from space 96256K, 58% used [0x00000007b3b80000,0x00000007b729a120,0x00000007b9980000)
  to   space 97792K, 0% used [0x00000007ba080000,0x00000007ba080000,0x00000007c0000000)
 ParOldGen       total 468480K, used 267296K [0x0000000760000000, 0x000000077c980000, 0x00000007a0000000)
  object space 468480K, 57% used [0x0000000760000000,0x0000000770508190,0x000000077c980000)
 Metaspace       used 105016K, capacity 116534K, committed 117632K, reserved 1150976K
  class space    used 13557K, capacity 16298K, committed 16512K, reserved 1048576K
Event: 5536.872 GC heap after
Heap after GC invocations=179 (full 9):
 PSYoungGen      total 337408K, used 97763K [0x00000007a0000000, 0x00000007c0000000, 0x00000007c0000000)
  eden space 239616K, 0% used [0x00000007a0000000,0x00000007a0000000,0x00000007aea00000)
  from space 97792K, 99% used [0x00000007ba080000,0x00000007bfff8d18,0x00000007c0000000)
  to   space 142336K, 0% used [0x00000007aea00000,0x00000007aea00000,0x00000007b7500000)
 ParOldGen       total 468480K, used 344383K [0x0000000760000000, 0x000000077c980000, 0x00000007a0000000)
  object space 468480K, 73% used [0x0000000760000000,0x000000077504ff50,0x000000077c980000)
 Metaspace       used 105016K, capacity 116534K, committed 117632K, reserved 1150976K
  class space    used 13557K, capacity 16298K, committed 16512K, reserved 1048576K
}
Event: 5537.268 GC heap before
{Heap before GC invocations=180 (full 9):
 PSYoungGen      total 337408K, used 337379K [0x00000007a0000000, 0x00000007c0000000, 0x00000007c0000000)
  eden space 239616K, 100% used [0x00000007a0000000,0x00000007aea00000,0x00000007aea00000)
  from space 97792K, 99% used [0x00000007ba080000,0x00000007bfff8d18,0x00000007c0000000)
  to   space 142336K, 0% used [0x00000007aea00000,0x00000007aea00000,0x00000007b7500000)
 ParOldGen       total 468480K, used 344383K [0x0000000760000000, 0x000000077c980000, 0x00000007a0000000)
  object space 468480K, 73% used [0x0000000760000000,0x000000077504ff50,0x000000077c980000)
 Metaspace       used 105016K, capacity 116534K, committed 117632K, reserved 1150976K
  class space    used 13557K, capacity 16298K, committed 16512K, reserved 1048576K
Event: 5537.487 GC heap after
Heap after GC invocations=180 (full 9):
 PSYoungGen      total 342016K, used 102392K [0x00000007a0000000, 0x00000007c0000000, 0x00000007c0000000)
  eden space 239616K, 0% used [0x00000007a0000000,0x00000007a0000000,0x00000007aea00000)
  from space 102400K, 99% used [0x00000007aea00000,0x00000007b4dfe110,0x00000007b4e00000)
  to   space 152064K, 0% used [0x00000007b6b80000,0x00000007b6b80000,0x00000007c0000000)
 ParOldGen       total 468480K, used 372968K [0x0000000760000000, 0x000000077c980000, 0x00000007a0000000)
  object space 468480K, 79% used [0x0000000760000000,0x0000000776c3a180,0x000000077c980000)
 Metaspace       used 105016K, capacity 116534K, committed 117632K, reserved 1150976K
  class space    used 13557K, capacity 16298K, committed 16512K, reserved 1048576K
}
Event: 5538.256 GC heap before
{Heap before GC invocations=181 (full 9):
 PSYoungGen      total 342016K, used 342008K [0x00000007a0000000, 0x00000007c0000000, 0x00000007c0000000)
  eden space 239616K, 100% used [0x00000007a0000000,0x00000007aea00000,0x00000007aea00000)
  from space 102400K, 99% used [0x00000007aea00000,0x00000007b4dfe110,0x00000007b4e00000)
  to   space 152064K, 0% used [0x00000007b6b80000,0x00000007b6b80000,0x00000007c0000000)
 ParOldGen       total 468480K, used 372968K [0x0000000760000000, 0x000000077c980000, 0x00000007a0000000)
  object space 468480K, 79% used [0x0000000760000000,0x0000000776c3a180,0x000000077c980000)
 Metaspace       used 105016K, capacity 116534K, committed 117632K, reserved 1150976K
  class space    used 13557K, capacity 16298K, committed 16512K, reserved 1048576K
Event: 5538.321 GC heap after
Heap after GC invocations=181 (full 9):
 PSYoungGen      total 357888K, used 102178K [0x00000007a0000000, 0x00000007c0000000, 0x00000007c0000000)
  eden space 205824K, 0% used [0x00000007a0000000,0x00000007a0000000,0x00000007ac900000)
  from space 152064K, 67% used [0x00000007b6b80000,0x00000007bcf48930,0x00000007c0000000)
  to   space 159232K, 0% used [0x00000007ac900000,0x00000007ac900000,0x00000007b6480000)
 ParOldGen       total 468480K, used 385485K [0x0000000760000000, 0x000000077c980000, 0x00000007a0000000)
  object space 468480K, 82% used [0x0000000760000000,0x00000007778737b8,0x000000077c980000)
 Metaspace       used 105016K, capacity 116534K, committed 117632K, reserved 1150976K
  class space    used 13557K, capacity 16298K, committed 16512K, reserved 1048576K
}
Event: 5538.798 GC heap before
{Heap before GC invocations=182 (full 9):
 PSYoungGen      total 357888K, used 308002K [0x00000007a0000000, 0x00000007c0000000, 0x00000007c0000000)
  eden space 205824K, 100% used [0x00000007a0000000,0x00000007ac900000,0x00000007ac900000)
  from space 152064K, 67% used [0x00000007b6b80000,0x00000007bcf48930,0x00000007c0000000)
  to   space 159232K, 0% used [0x00000007ac900000,0x00000007ac900000,0x00000007b6480000)
 ParOldGen       total 468480K, used 385485K [0x0000000760000000, 0x000000077c980000, 0x00000007a0000000)
  object space 468480K, 82% used [0x0000000760000000,0x00000007778737b8,0x000000077c980000)
 Metaspace       used 105016K, capacity 116534K, committed 117632K, reserved 1150976K
  class space    used 13557K, capacity 16298K, committed 16512K, reserved 1048576K
Event: 5538.926 GC heap after
Heap after GC invocations=182 (full 9):
 PSYoungGen      total 365056K, used 79564K [0x00000007a0000000, 0x00000007c0000000, 0x00000007c0000000)
  eden space 205824K, 0% used [0x00000007a0000000,0x00000007a0000000,0x00000007ac900000)
  from space 159232K, 49% used [0x00000007ac900000,0x00000007b16b32c8,0x00000007b6480000)
  to   space 156160K, 0% used [0x00000007b6780000,0x00000007b6780000,0x00000007c0000000)
 ParOldGen       total 468480K, used 437394K [0x0000000760000000, 0x000000077c980000, 0x00000007a0000000)
  object space 468480K, 93% used [0x0000000760000000,0x000000077ab24a50,0x000000077c980000)
 Metaspace       used 105016K, capacity 116534K, committed 117632K, reserved 1150976K
  class space    used 13557K, capacity 16298K, committed 16512K, reserved 1048576K
}
Event: 5538.926 GC heap before
{Heap before GC invocations=183 (full 10):
 PSYoungGen      total 365056K, used 79564K [0x00000007a0000000, 0x00000007c0000000, 0x00000007c0000000)
  eden space 205824K, 0% used [0x00000007a0000000,0x00000007a0000000,0x00000007ac900000)
  from space 159232K, 49% used [0x00000007ac900000,0x00000007b16b32c8,0x00000007b6480000)
  to   space 156160K, 0% used [0x00000007b6780000,0x00000007b6780000,0x00000007c0000000)
 ParOldGen       total 468480K, used 437394K [0x0000000760000000, 0x000000077c980000, 0x00000007a0000000)
  object space 468480K, 93% used [0x0000000760000000,0x000000077ab24a50,0x000000077c980000)
 Metaspace       used 105016K, capacity 116534K, committed 117632K, reserved 1150976K
  class space    used 13557K, capacity 16298K, committed 16512K, reserved 1048576K

