# JRE version: Java(TM) SE Runtime Environment (8.0_25-b17) (build 1.8.0_25-b17)
# Java VM: Java HotSpot(TM) 64-Bit Server VM (25.25-b02 mixed mode bsd-amd64 compressed oops)
Heap:
 PSYoungGen      total 218112K, used 27068K [0x00000007a0000000, 0x00000007b5480000, 0x00000007c0000000)
  eden space 190976K, 0% used [0x00000007a0000000,0x00000007a0000000,0x00000007aba80000)
  from space 27136K, 99% used [0x00000007aba80000,0x00000007ad4ef030,0x00000007ad500000)
  to   space 78848K, 0% used [0x00000007b0780000,0x00000007b0780000,0x00000007b5480000)
 ParOldGen       total 102912K, used 30579K [0x0000000760000000, 0x0000000766480000, 0x00000007a0000000)
  object space 102912K, 29% used [0x0000000760000000,0x0000000761ddcc88,0x0000000766480000)
 Metaspace       used 61786K, capacity 63550K, committed 64640K, reserved 1105920K
  class space    used 7154K, capacity 7569K, committed 7808K, reserved 1048576K
GC Heap History (10 events):
Event: 14408.647 GC heap after
Heap after GC invocations=36 (full 7):
 PSYoungGen      total 292352K, used 0K [0x00000007a0000000, 0x00000007b7e00000, 0x00000007c0000000)
  eden space 213504K, 0% used [0x00000007a0000000,0x00000007a0000000,0x00000007ad080000)
  from space 78848K, 0% used [0x00000007ad080000,0x00000007ad080000,0x00000007b1d80000)
  to   space 76800K, 0% used [0x00000007b3300000,0x00000007b3300000,0x00000007b7e00000)
 ParOldGen       total 102912K, used 30547K [0x0000000760000000, 0x0000000766480000, 0x00000007a0000000)
  object space 102912K, 29% used [0x0000000760000000,0x0000000761dd4c88,0x0000000766480000)
 Metaspace       used 59911K, capacity 61492K, committed 64640K, reserved 1105920K
  class space    used 6929K, capacity 7248K, committed 7808K, reserved 1048576K
}
Event: 16940.914 GC heap before
{Heap before GC invocations=37 (full 7):
 PSYoungGen      total 292352K, used 213316K [0x00000007a0000000, 0x00000007b7e00000, 0x00000007c0000000)
  eden space 213504K, 99% used [0x00000007a0000000,0x00000007ad0513a0,0x00000007ad080000)
  from space 78848K, 0% used [0x00000007ad080000,0x00000007ad080000,0x00000007b1d80000)
  to   space 76800K, 0% used [0x00000007b3300000,0x00000007b3300000,0x00000007b7e00000)
 ParOldGen       total 102912K, used 30547K [0x0000000760000000, 0x0000000766480000, 0x00000007a0000000)
  object space 102912K, 29% used [0x0000000760000000,0x0000000761dd4c88,0x0000000766480000)
 Metaspace       used 60694K, capacity 62340K, committed 64640K, reserved 1105920K
  class space    used 7019K, capacity 7360K, committed 7808K, reserved 1048576K
Event: 16940.974 GC heap after
Heap after GC invocations=37 (full 7):
 PSYoungGen      total 251904K, used 15634K [0x00000007a0000000, 0x00000007b6000000, 0x00000007c0000000)
  eden space 205824K, 0% used [0x00000007a0000000,0x00000007a0000000,0x00000007ac900000)
  from space 46080K, 33% used [0x00000007b3300000,0x00000007b4244a98,0x00000007b6000000)
  to   space 77312K, 0% used [0x00000007ac900000,0x00000007ac900000,0x00000007b1480000)
 ParOldGen       total 102912K, used 30555K [0x0000000760000000, 0x0000000766480000, 0x00000007a0000000)
  object space 102912K, 29% used [0x0000000760000000,0x0000000761dd6c88,0x0000000766480000)
 Metaspace       used 60694K, capacity 62340K, committed 64640K, reserved 1105920K
  class space    used 7019K, capacity 7360K, committed 7808K, reserved 1048576K
}
Event: 17031.704 GC heap before
{Heap before GC invocations=38 (full 7):
 PSYoungGen      total 251904K, used 221458K [0x00000007a0000000, 0x00000007b6000000, 0x00000007c0000000)
  eden space 205824K, 100% used [0x00000007a0000000,0x00000007ac900000,0x00000007ac900000)
  from space 46080K, 33% used [0x00000007b3300000,0x00000007b4244a98,0x00000007b6000000)
  to   space 77312K, 0% used [0x00000007ac900000,0x00000007ac900000,0x00000007b1480000)
 ParOldGen       total 102912K, used 30555K [0x0000000760000000, 0x0000000766480000, 0x00000007a0000000)
  object space 102912K, 29% used [0x0000000760000000,0x0000000761dd6c88,0x0000000766480000)
 Metaspace       used 61148K, capacity 62844K, committed 64640K, reserved 1105920K
  class space    used 7076K, capacity 7464K, committed 7808K, reserved 1048576K
Event: 17031.840 GC heap after
Heap after GC invocations=38 (full 7):
 PSYoungGen      total 249856K, used 51425K [0x00000007a0000000, 0x00000007b5a80000, 0x00000007c0000000)
  eden space 198144K, 0% used [0x00000007a0000000,0x00000007a0000000,0x00000007ac180000)
  from space 51712K, 99% used [0x00000007ac900000,0x00000007afb38780,0x00000007afb80000)
  to   space 78336K, 0% used [0x00000007b0e00000,0x00000007b0e00000,0x00000007b5a80000)
 ParOldGen       total 102912K, used 30563K [0x0000000760000000, 0x0000000766480000, 0x00000007a0000000)
  object space 102912K, 29% used [0x0000000760000000,0x0000000761dd8c88,0x0000000766480000)
 Metaspace       used 61148K, capacity 62844K, committed 64640K, reserved 1105920K
  class space    used 7076K, capacity 7464K, committed 7808K, reserved 1048576K
}
Event: 17841.392 GC heap before
{Heap before GC invocations=39 (full 7):
 PSYoungGen      total 249856K, used 249569K [0x00000007a0000000, 0x00000007b5a80000, 0x00000007c0000000)
  eden space 198144K, 100% used [0x00000007a0000000,0x00000007ac180000,0x00000007ac180000)
  from space 51712K, 99% used [0x00000007ac900000,0x00000007afb38780,0x00000007afb80000)
  to   space 78336K, 0% used [0x00000007b0e00000,0x00000007b0e00000,0x00000007b5a80000)
 ParOldGen       total 102912K, used 30563K [0x0000000760000000, 0x0000000766480000, 0x00000007a0000000)
  object space 102912K, 29% used [0x0000000760000000,0x0000000761dd8c88,0x0000000766480000)
 Metaspace       used 61610K, capacity 63322K, committed 64640K, reserved 1105920K
  class space    used 7132K, capacity 7537K, committed 7808K, reserved 1048576K
Event: 17841.614 GC heap after
Heap after GC invocations=39 (full 7):
 PSYoungGen      total 266240K, used 55111K [0x00000007a0000000, 0x00000007b5780000, 0x00000007c0000000)
  eden space 190976K, 0% used [0x00000007a0000000,0x00000007a0000000,0x00000007aba80000)
  from space 75264K, 73% used [0x00000007b0e00000,0x00000007b43d1ee8,0x00000007b5780000)
  to   space 80384K, 0% used [0x00000007aba80000,0x00000007aba80000,0x00000007b0900000)
 ParOldGen       total 102912K, used 30571K [0x0000000760000000, 0x0000000766480000, 0x00000007a0000000)
  object space 102912K, 29% used [0x0000000760000000,0x0000000761ddac88,0x0000000766480000)
 Metaspace       used 61610K, capacity 63322K, committed 64640K, reserved 1105920K
  class space    used 7132K, capacity 7537K, committed 7808K, reserved 1048576K
}
Event: 18008.650 GC heap before
{Heap before GC invocations=40 (full 7):
 PSYoungGen      total 266240K, used 123927K [0x00000007a0000000, 0x00000007b5780000, 0x00000007c0000000)
  eden space 190976K, 36% used [0x00000007a0000000,0x00000007a4333e00,0x00000007aba80000)
  from space 75264K, 73% used [0x00000007b0e00000,0x00000007b43d1ee8,0x00000007b5780000)
  to   space 80384K, 0% used [0x00000007aba80000,0x00000007aba80000,0x00000007b0900000)
 ParOldGen       total 102912K, used 30571K [0x0000000760000000, 0x0000000766480000, 0x00000007a0000000)
  object space 102912K, 29% used [0x0000000760000000,0x0000000761ddac88,0x0000000766480000)
 Metaspace       used 61786K, capacity 63550K, committed 64640K, reserved 1105920K
  class space    used 7154K, capacity 7569K, committed 7808K, reserved 1048576K
Event: 18008.695 GC heap after
Heap after GC invocations=40 (full 7):
 PSYoungGen      total 218112K, used 27068K [0x00000007a0000000, 0x00000007b5480000, 0x00000007c0000000)
  eden space 190976K, 0% used [0x00000007a0000000,0x00000007a0000000,0x00000007aba80000)
  from space 27136K, 99% used [0x00000007aba80000,0x00000007ad4ef030,0x00000007ad500000)
  to   space 78848K, 0% used [0x00000007b0780000,0x00000007b0780000,0x00000007b5480000)
 ParOldGen       total 102912K, used 30579K [0x0000000760000000, 0x0000000766480000, 0x00000007a0000000)
  object space 102912K, 29% used [0x0000000760000000,0x0000000761ddcc88,0x0000000766480000)
 Metaspace       used 61786K, capacity 63550K, committed 64640K, reserved 1105920K
  class space    used 7154K, capacity 7569K, committed 7808K, reserved 1048576K
}
Event: 18008.695 GC heap before
{Heap before GC invocations=41 (full 8):
 PSYoungGen      total 218112K, used 27068K [0x00000007a0000000, 0x00000007b5480000, 0x00000007c0000000)
  eden space 190976K, 0% used [0x00000007a0000000,0x00000007a0000000,0x00000007aba80000)
  from space 27136K, 99% used [0x00000007aba80000,0x00000007ad4ef030,0x00000007ad500000)
  to   space 78848K, 0% used [0x00000007b0780000,0x00000007b0780000,0x00000007b5480000)
 ParOldGen       total 102912K, used 30579K [0x0000000760000000, 0x0000000766480000, 0x00000007a0000000)
  object space 102912K, 29% used [0x0000000760000000,0x0000000761ddcc88,0x0000000766480000)
 Metaspace       used 61786K, capacity 63550K, committed 64640K, reserved 1105920K
  class space    used 7154K, capacity 7569K, committed 7808K, reserved 1048576K

