# JRE version: Java(TM) SE Runtime Environment (8.0_25-b17) (build 1.8.0_25-b17)
# Java VM: Java HotSpot(TM) 64-Bit Server VM (25.25-b02 mixed mode bsd-amd64 compressed oops)
Heap:
 PSYoungGen      total 420864K, used 16770K [0x00000007a0000000, 0x00000007c0000000, 0x00000007c0000000)
  eden space 313344K, 0% used [0x00000007a0000000,0x00000007a0000000,0x00000007b3200000)
  from space 107520K, 15% used [0x00000007b9700000,0x00000007ba760a00,0x00000007c0000000)
  to   space 103424K, 0% used [0x00000007b3200000,0x00000007b3200000,0x00000007b9700000)
 ParOldGen       total 446464K, used 445241K [0x0000000760000000, 0x000000077b400000, 0x00000007a0000000)
  object space 446464K, 99% used [0x0000000760000000,0x000000077b2ce448,0x000000077b400000)
 Metaspace       used 104533K, capacity 119516K, committed 120536K, reserved 1153024K
  class space    used 13641K, capacity 17484K, committed 17664K, reserved 1048576K
GC Heap History (10 events):
Event: 48643.832 GC heap after
Heap after GC invocations=298 (full 20):
 PSYoungGen      total 432640K, used 1096K [0x00000007a0000000, 0x00000007bf580000, 0x00000007c0000000)
  eden space 350720K, 0% used [0x00000007a0000000,0x00000007a0000000,0x00000007b5680000)
  from space 81920K, 1% used [0x00000007ba580000,0x00000007ba692298,0x00000007bf580000)
  to   space 80896K, 0% used [0x00000007b5680000,0x00000007b5680000,0x00000007ba580000)
 ParOldGen       total 382976K, used 259451K [0x0000000760000000, 0x0000000777600000, 0x00000007a0000000)
  object space 382976K, 67% used [0x0000000760000000,0x000000076fd5eec8,0x0000000777600000)
 Metaspace       used 104525K, capacity 119508K, committed 120536K, reserved 1153024K
  class space    used 13641K, capacity 17484K, committed 17664K, reserved 1048576K
}
Event: 48645.015 GC heap before
{Heap before GC invocations=299 (full 20):
 PSYoungGen      total 432640K, used 351816K [0x00000007a0000000, 0x00000007bf580000, 0x00000007c0000000)
  eden space 350720K, 100% used [0x00000007a0000000,0x00000007b5680000,0x00000007b5680000)
  from space 81920K, 1% used [0x00000007ba580000,0x00000007ba692298,0x00000007bf580000)
  to   space 80896K, 0% used [0x00000007b5680000,0x00000007b5680000,0x00000007ba580000)
 ParOldGen       total 382976K, used 259451K [0x0000000760000000, 0x0000000777600000, 0x00000007a0000000)
  object space 382976K, 67% used [0x0000000760000000,0x000000076fd5eec8,0x0000000777600000)
 Metaspace       used 104533K, capacity 119516K, committed 120536K, reserved 1153024K
  class space    used 13641K, capacity 17484K, committed 17664K, reserved 1048576K
Event: 48645.024 GC heap after
Heap after GC invocations=299 (full 20):
 PSYoungGen      total 431616K, used 13424K [0x00000007a0000000, 0x00000007bf400000, 0x00000007c0000000)
  eden space 350720K, 0% used [0x00000007a0000000,0x00000007a0000000,0x00000007b5680000)
  from space 80896K, 16% used [0x00000007b5680000,0x00000007b639c1d0,0x00000007ba580000)
  to   space 75264K, 0% used [0x00000007baa80000,0x00000007baa80000,0x00000007bf400000)
 ParOldGen       total 382976K, used 259579K [0x0000000760000000, 0x0000000777600000, 0x00000007a0000000)
  object space 382976K, 67% used [0x0000000760000000,0x000000076fd7eec8,0x0000000777600000)
 Metaspace       used 104533K, capacity 119516K, committed 120536K, reserved 1153024K
  class space    used 13641K, capacity 17484K, committed 17664K, reserved 1048576K
}
Event: 48645.633 GC heap before
{Heap before GC invocations=300 (full 20):
 PSYoungGen      total 431616K, used 364144K [0x00000007a0000000, 0x00000007bf400000, 0x00000007c0000000)
  eden space 350720K, 100% used [0x00000007a0000000,0x00000007b5680000,0x00000007b5680000)
  from space 80896K, 16% used [0x00000007b5680000,0x00000007b639c1d0,0x00000007ba580000)
  to   space 75264K, 0% used [0x00000007baa80000,0x00000007baa80000,0x00000007bf400000)
 ParOldGen       total 382976K, used 259579K [0x0000000760000000, 0x0000000777600000, 0x00000007a0000000)
  object space 382976K, 67% used [0x0000000760000000,0x000000076fd7eec8,0x0000000777600000)
 Metaspace       used 104533K, capacity 119516K, committed 120536K, reserved 1153024K
  class space    used 13641K, capacity 17484K, committed 17664K, reserved 1048576K
Event: 48645.696 GC heap after
Heap after GC invocations=300 (full 20):
 PSYoungGen      total 410112K, used 75238K [0x00000007a0000000, 0x00000007c0000000, 0x00000007c0000000)
  eden space 334848K, 0% used [0x00000007a0000000,0x00000007a0000000,0x00000007b4700000)
  from space 75264K, 99% used [0x00000007baa80000,0x00000007bf3f9af0,0x00000007bf400000)
  to   space 94720K, 0% used [0x00000007b4700000,0x00000007b4700000,0x00000007ba380000)
 ParOldGen       total 382976K, used 269887K [0x0000000760000000, 0x0000000777600000, 0x00000007a0000000)
  object space 382976K, 70% used [0x0000000760000000,0x000000077078fd58,0x0000000777600000)
 Metaspace       used 104533K, capacity 119516K, committed 120536K, reserved 1153024K
  class space    used 13641K, capacity 17484K, committed 17664K, reserved 1048576K
}
Event: 48646.211 GC heap before
{Heap before GC invocations=301 (full 20):
 PSYoungGen      total 410112K, used 410086K [0x00000007a0000000, 0x00000007c0000000, 0x00000007c0000000)
  eden space 334848K, 100% used [0x00000007a0000000,0x00000007b4700000,0x00000007b4700000)
  from space 75264K, 99% used [0x00000007baa80000,0x00000007bf3f9af0,0x00000007bf400000)
  to   space 94720K, 0% used [0x00000007b4700000,0x00000007b4700000,0x00000007ba380000)
 ParOldGen       total 382976K, used 269887K [0x0000000760000000, 0x0000000777600000, 0x00000007a0000000)
  object space 382976K, 70% used [0x0000000760000000,0x000000077078fd58,0x0000000777600000)
 Metaspace       used 104533K, capacity 119516K, committed 120536K, reserved 1153024K
  class space    used 13641K, capacity 17484K, committed 17664K, reserved 1048576K
Event: 48646.373 GC heap after
Heap after GC invocations=301 (full 20):
 PSYoungGen      total 416768K, used 81583K [0x00000007a0000000, 0x00000007c0000000, 0x00000007c0000000)
  eden space 334848K, 0% used [0x00000007a0000000,0x00000007a0000000,0x00000007b4700000)
  from space 81920K, 99% used [0x00000007b4700000,0x00000007b96abd98,0x00000007b9700000)
  to   space 107520K, 0% used [0x00000007b9700000,0x00000007b9700000,0x00000007c0000000)
 ParOldGen       total 382976K, used 319047K [0x0000000760000000, 0x0000000777600000, 0x00000007a0000000)
  object space 382976K, 83% used [0x0000000760000000,0x0000000773791c00,0x0000000777600000)
 Metaspace       used 104533K, capacity 119516K, committed 120536K, reserved 1153024K
  class space    used 13641K, capacity 17484K, committed 17664K, reserved 1048576K
}
Event: 48647.265 GC heap before
{Heap before GC invocations=302 (full 20):
 PSYoungGen      total 416768K, used 416431K [0x00000007a0000000, 0x00000007c0000000, 0x00000007c0000000)
  eden space 334848K, 100% used [0x00000007a0000000,0x00000007b4700000,0x00000007b4700000)
  from space 81920K, 99% used [0x00000007b4700000,0x00000007b96abd98,0x00000007b9700000)
  to   space 107520K, 0% used [0x00000007b9700000,0x00000007b9700000,0x00000007c0000000)
 ParOldGen       total 382976K, used 319047K [0x0000000760000000, 0x0000000777600000, 0x00000007a0000000)
  object space 382976K, 83% used [0x0000000760000000,0x0000000773791c00,0x0000000777600000)
 Metaspace       used 104533K, capacity 119516K, committed 120536K, reserved 1153024K
  class space    used 13641K, capacity 17484K, committed 17664K, reserved 1048576K
Event: 48647.491 GC heap after
Heap after GC invocations=302 (full 20):
 PSYoungGen      total 420864K, used 16770K [0x00000007a0000000, 0x00000007c0000000, 0x00000007c0000000)
  eden space 313344K, 0% used [0x00000007a0000000,0x00000007a0000000,0x00000007b3200000)
  from space 107520K, 15% used [0x00000007b9700000,0x00000007ba760a00,0x00000007c0000000)
  to   space 103424K, 0% used [0x00000007b3200000,0x00000007b3200000,0x00000007b9700000)
 ParOldGen       total 446464K, used 445241K [0x0000000760000000, 0x000000077b400000, 0x00000007a0000000)
  object space 446464K, 99% used [0x0000000760000000,0x000000077b2ce448,0x000000077b400000)
 Metaspace       used 104533K, capacity 119516K, committed 120536K, reserved 1153024K
  class space    used 13641K, capacity 17484K, committed 17664K, reserved 1048576K
}
Event: 48647.491 GC heap before
{Heap before GC invocations=303 (full 21):
 PSYoungGen      total 420864K, used 16770K [0x00000007a0000000, 0x00000007c0000000, 0x00000007c0000000)
  eden space 313344K, 0% used [0x00000007a0000000,0x00000007a0000000,0x00000007b3200000)
  from space 107520K, 15% used [0x00000007b9700000,0x00000007ba760a00,0x00000007c0000000)
  to   space 103424K, 0% used [0x00000007b3200000,0x00000007b3200000,0x00000007b9700000)
 ParOldGen       total 446464K, used 445241K [0x0000000760000000, 0x000000077b400000, 0x00000007a0000000)
  object space 446464K, 99% used [0x0000000760000000,0x000000077b2ce448,0x000000077b400000)
 Metaspace       used 104533K, capacity 119516K, committed 120536K, reserved 1153024K
  class space    used 13641K, capacity 17484K, committed 17664K, reserved 1048576K

