# JRE version: Java(TM) SE Runtime Environment (8.0_25-b17) (build 1.8.0_25-b17)
# Java VM: Java HotSpot(TM) 64-Bit Server VM (25.25-b02 mixed mode bsd-amd64 compressed oops)
Heap:
 PSYoungGen      total 176128K, used 176119K [0x00000007a0000000, 0x00000007ad480000, 0x00000007c0000000)
  eden space 148992K, 100% used [0x00000007a0000000,0x00000007a9180000,0x00000007a9180000)
  from space 27136K, 99% used [0x00000007ab300000,0x00000007acd7dda8,0x00000007acd80000)
  to   space 34304K, 99% used [0x00000007a9180000,0x00000007ab2fae00,0x00000007ab300000)
 ParOldGen       total 94208K, used 47871K [0x0000000760000000, 0x0000000765c00000, 0x00000007a0000000)
  object space 94208K, 50% used [0x0000000760000000,0x0000000762ec1de0,0x0000000765c00000)
 Metaspace       used 50988K, capacity 51884K, committed 52224K, reserved 1095680K
  class space    used 6402K, capacity 6594K, committed 6656K, reserved 1048576K
GC Heap History (10 events):
Event: 4.528 GC heap after
Heap after GC invocations=7 (full 2):
 PSYoungGen      total 71680K, used 5110K [0x00000007a0000000, 0x00000007a7a80000, 0x00000007c0000000)
  eden space 66560K, 0% used [0x00000007a0000000,0x00000007a0000000,0x00000007a4100000)
  from space 5120K, 99% used [0x00000007a4100000,0x00000007a45fd940,0x00000007a4600000)
  to   space 5120K, 0% used [0x00000007a7580000,0x00000007a7580000,0x00000007a7a80000)
 ParOldGen       total 52736K, used 14746K [0x0000000760000000, 0x0000000763380000, 0x00000007a0000000)
  object space 52736K, 27% used [0x0000000760000000,0x0000000760e66bb0,0x0000000763380000)
 Metaspace       used 27919K, capacity 28264K, committed 28672K, reserved 1075200K
  class space    used 3650K, capacity 3744K, committed 3840K, reserved 1048576K
}
Event: 5.560 GC heap before
{Heap before GC invocations=8 (full 2):
 PSYoungGen      total 71680K, used 46429K [0x00000007a0000000, 0x00000007a7a80000, 0x00000007c0000000)
  eden space 66560K, 62% used [0x00000007a0000000,0x00000007a2859e90,0x00000007a4100000)
  from space 5120K, 99% used [0x00000007a4100000,0x00000007a45fd940,0x00000007a4600000)
  to   space 5120K, 0% used [0x00000007a7580000,0x00000007a7580000,0x00000007a7a80000)
 ParOldGen       total 52736K, used 14746K [0x0000000760000000, 0x0000000763380000, 0x00000007a0000000)
  object space 52736K, 27% used [0x0000000760000000,0x0000000760e66bb0,0x0000000763380000)
 Metaspace       used 34622K, capacity 35068K, committed 35456K, reserved 1079296K
  class space    used 4513K, capacity 4634K, committed 4736K, reserved 1048576K
Event: 5.579 GC heap after
Heap after GC invocations=8 (full 2):
 PSYoungGen      total 106496K, used 5112K [0x00000007a0000000, 0x00000007a9300000, 0x00000007c0000000)
  eden space 101376K, 0% used [0x00000007a0000000,0x00000007a0000000,0x00000007a6300000)
  from space 5120K, 99% used [0x00000007a7580000,0x00000007a7a7e168,0x00000007a7a80000)
  to   space 18944K, 0% used [0x00000007a6300000,0x00000007a6300000,0x00000007a7580000)
 ParOldGen       total 52736K, used 25139K [0x0000000760000000, 0x0000000763380000, 0x00000007a0000000)
  object space 52736K, 47% used [0x0000000760000000,0x000000076188cf48,0x0000000763380000)
 Metaspace       used 34622K, capacity 35068K, committed 35456K, reserved 1079296K
  class space    used 4513K, capacity 4634K, committed 4736K, reserved 1048576K
}
Event: 5.579 GC heap before
{Heap before GC invocations=9 (full 3):
 PSYoungGen      total 106496K, used 5112K [0x00000007a0000000, 0x00000007a9300000, 0x00000007c0000000)
  eden space 101376K, 0% used [0x00000007a0000000,0x00000007a0000000,0x00000007a6300000)
  from space 5120K, 99% used [0x00000007a7580000,0x00000007a7a7e168,0x00000007a7a80000)
  to   space 18944K, 0% used [0x00000007a6300000,0x00000007a6300000,0x00000007a7580000)
 ParOldGen       total 52736K, used 25139K [0x0000000760000000, 0x0000000763380000, 0x00000007a0000000)
  object space 52736K, 47% used [0x0000000760000000,0x000000076188cf48,0x0000000763380000)
 Metaspace       used 34622K, capacity 35068K, committed 35456K, reserved 1079296K
  class space    used 4513K, capacity 4634K, committed 4736K, reserved 1048576K
Event: 5.703 GC heap after
Heap after GC invocations=9 (full 3):
 PSYoungGen      total 106496K, used 0K [0x00000007a0000000, 0x00000007a9300000, 0x00000007c0000000)
  eden space 101376K, 0% used [0x00000007a0000000,0x00000007a0000000,0x00000007a6300000)
  from space 5120K, 0% used [0x00000007a7580000,0x00000007a7580000,0x00000007a7a80000)
  to   space 18944K, 0% used [0x00000007a6300000,0x00000007a6300000,0x00000007a7580000)
 ParOldGen       total 94208K, used 21672K [0x0000000760000000, 0x0000000765c00000, 0x00000007a0000000)
  object space 94208K, 23% used [0x0000000760000000,0x000000076152a188,0x0000000765c00000)
 Metaspace       used 34622K, capacity 35068K, committed 35456K, reserved 1079296K
  class space    used 4513K, capacity 4634K, committed 4736K, reserved 1048576K
}
Event: 7.829 GC heap before
{Heap before GC invocations=10 (full 3):
 PSYoungGen      total 106496K, used 101376K [0x00000007a0000000, 0x00000007a9300000, 0x00000007c0000000)
  eden space 101376K, 100% used [0x00000007a0000000,0x00000007a6300000,0x00000007a6300000)
  from space 5120K, 0% used [0x00000007a7580000,0x00000007a7580000,0x00000007a7a80000)
  to   space 18944K, 0% used [0x00000007a6300000,0x00000007a6300000,0x00000007a7580000)
 ParOldGen       total 94208K, used 21672K [0x0000000760000000, 0x0000000765c00000, 0x00000007a0000000)
  object space 94208K, 23% used [0x0000000760000000,0x000000076152a188,0x0000000765c00000)
 Metaspace       used 41219K, capacity 41850K, committed 42240K, reserved 1085440K
  class space    used 5397K, capacity 5559K, committed 5632K, reserved 1048576K
Event: 7.874 GC heap after
Heap after GC invocations=10 (full 3):
 PSYoungGen      total 120320K, used 18912K [0x00000007a0000000, 0x00000007acd80000, 0x00000007c0000000)
  eden space 101376K, 0% used [0x00000007a0000000,0x00000007a0000000,0x00000007a6300000)
  from space 18944K, 99% used [0x00000007a6300000,0x00000007a7578298,0x00000007a7580000)
  to   space 27136K, 0% used [0x00000007ab300000,0x00000007ab300000,0x00000007acd80000)
 ParOldGen       total 94208K, used 30908K [0x0000000760000000, 0x0000000765c00000, 0x00000007a0000000)
  object space 94208K, 32% used [0x0000000760000000,0x0000000761e2f308,0x0000000765c00000)
 Metaspace       used 41219K, capacity 41850K, committed 42240K, reserved 1085440K
  class space    used 5397K, capacity 5559K, committed 5632K, reserved 1048576K
}
Event: 306.340 GC heap before
{Heap before GC invocations=11 (full 3):
 PSYoungGen      total 120320K, used 120288K [0x00000007a0000000, 0x00000007acd80000, 0x00000007c0000000)
  eden space 101376K, 100% used [0x00000007a0000000,0x00000007a6300000,0x00000007a6300000)
  from space 18944K, 99% used [0x00000007a6300000,0x00000007a7578298,0x00000007a7580000)
  to   space 27136K, 0% used [0x00000007ab300000,0x00000007ab300000,0x00000007acd80000)
 ParOldGen       total 94208K, used 30908K [0x0000000760000000, 0x0000000765c00000, 0x00000007a0000000)
  object space 94208K, 32% used [0x0000000760000000,0x0000000761e2f308,0x0000000765c00000)
 Metaspace       used 49531K, capacity 50366K, committed 50816K, reserved 1093632K
  class space    used 6341K, capacity 6511K, committed 6528K, reserved 1048576K
Event: 306.531 GC heap after
Heap after GC invocations=11 (full 3):
 PSYoungGen      total 176128K, used 27127K [0x00000007a0000000, 0x00000007ad480000, 0x00000007c0000000)
  eden space 148992K, 0% used [0x00000007a0000000,0x00000007a0000000,0x00000007a9180000)
  from space 27136K, 99% used [0x00000007ab300000,0x00000007acd7dda8,0x00000007acd80000)
  to   space 34304K, 0% used [0x00000007a9180000,0x00000007a9180000,0x00000007ab300000)
 ParOldGen       total 94208K, used 35472K [0x0000000760000000, 0x0000000765c00000, 0x00000007a0000000)
  object space 94208K, 37% used [0x0000000760000000,0x00000007622a4128,0x0000000765c00000)
 Metaspace       used 49531K, capacity 50366K, committed 50816K, reserved 1093632K
  class space    used 6341K, capacity 6511K, committed 6528K, reserved 1048576K
}
Event: 813.110 GC heap before
{Heap before GC invocations=12 (full 3):
 PSYoungGen      total 176128K, used 176119K [0x00000007a0000000, 0x00000007ad480000, 0x00000007c0000000)
  eden space 148992K, 100% used [0x00000007a0000000,0x00000007a9180000,0x00000007a9180000)
  from space 27136K, 99% used [0x00000007ab300000,0x00000007acd7dda8,0x00000007acd80000)
  to   space 34304K, 0% used [0x00000007a9180000,0x00000007a9180000,0x00000007ab300000)
 ParOldGen       total 94208K, used 35472K [0x0000000760000000, 0x0000000765c00000, 0x00000007a0000000)
  object space 94208K, 37% used [0x0000000760000000,0x00000007622a4128,0x0000000765c00000)
 Metaspace       used 50988K, capacity 51884K, committed 52224K, reserved 1095680K
  class space    used 6402K, capacity 6594K, committed 6656K, reserved 1048576K

