# JRE version: Java(TM) SE Runtime Environment (8.0_25-b17) (build 1.8.0_25-b17)
# Java VM: Java HotSpot(TM) 64-Bit Server VM (25.25-b02 mixed mode bsd-amd64 compressed oops)
Heap:
 PSYoungGen      total 112640K, used 5117K [0x00000007a0000000, 0x00000007a9b00000, 0x00000007c0000000)
  eden space 107520K, 0% used [0x00000007a0000000,0x00000007a0000000,0x00000007a6900000)
  from space 5120K, 99% used [0x00000007a7c00000,0x00000007a80ff508,0x00000007a8100000)
  to   space 19456K, 0% used [0x00000007a6900000,0x00000007a6900000,0x00000007a7c00000)
 ParOldGen       total 49664K, used 25667K [0x0000000760000000, 0x0000000763080000, 0x00000007a0000000)
  object space 49664K, 51% used [0x0000000760000000,0x0000000761910d50,0x0000000763080000)
 Metaspace       used 34673K, capacity 35122K, committed 35496K, reserved 1081344K
  class space    used 4505K, capacity 4605K, committed 4608K, reserved 1048576K
GC Heap History (10 events):
Event: 3.947 GC heap after
Heap after GC invocations=4 (full 1):
 PSYoungGen      total 38400K, used 5101K [0x00000007a0000000, 0x00000007a4b00000, 0x00000007c0000000)
  eden space 33280K, 0% used [0x00000007a0000000,0x00000007a0000000,0x00000007a2080000)
  from space 5120K, 99% used [0x00000007a2080000,0x00000007a257b6b8,0x00000007a2580000)
  to   space 5120K, 0% used [0x00000007a4600000,0x00000007a4600000,0x00000007a4b00000)
 ParOldGen       total 87552K, used 8830K [0x0000000760000000, 0x0000000765580000, 0x00000007a0000000)
  object space 87552K, 10% used [0x0000000760000000,0x000000076089fb28,0x0000000765580000)
 Metaspace       used 20312K, capacity 20604K, committed 20864K, reserved 1067008K
  class space    used 2550K, capacity 2612K, committed 2688K, reserved 1048576K
}
Event: 3.986 GC heap before
{Heap before GC invocations=5 (full 1):
 PSYoungGen      total 38400K, used 7540K [0x00000007a0000000, 0x00000007a4b00000, 0x00000007c0000000)
  eden space 33280K, 7% used [0x00000007a0000000,0x00000007a0261a48,0x00000007a2080000)
  from space 5120K, 99% used [0x00000007a2080000,0x00000007a257b6b8,0x00000007a2580000)
  to   space 5120K, 0% used [0x00000007a4600000,0x00000007a4600000,0x00000007a4b00000)
 ParOldGen       total 87552K, used 8830K [0x0000000760000000, 0x0000000765580000, 0x00000007a0000000)
  object space 87552K, 10% used [0x0000000760000000,0x000000076089fb28,0x0000000765580000)
 Metaspace       used 20872K, capacity 21116K, committed 21296K, reserved 1069056K
  class space    used 2636K, capacity 2676K, committed 2688K, reserved 1048576K
Event: 3.994 GC heap after
Heap after GC invocations=5 (full 1):
 PSYoungGen      total 71680K, used 4585K [0x00000007a0000000, 0x00000007a4b00000, 0x00000007c0000000)
  eden space 66560K, 0% used [0x00000007a0000000,0x00000007a0000000,0x00000007a4100000)
  from space 5120K, 89% used [0x00000007a4600000,0x00000007a4a7a640,0x00000007a4b00000)
  to   space 5120K, 0% used [0x00000007a4100000,0x00000007a4100000,0x00000007a4600000)
 ParOldGen       total 87552K, used 8838K [0x0000000760000000, 0x0000000765580000, 0x00000007a0000000)
  object space 87552K, 10% used [0x0000000760000000,0x00000007608a1b28,0x0000000765580000)
 Metaspace       used 20872K, capacity 21116K, committed 21296K, reserved 1069056K
  class space    used 2636K, capacity 2676K, committed 2688K, reserved 1048576K
}
Event: 3.994 GC heap before
{Heap before GC invocations=6 (full 2):
 PSYoungGen      total 71680K, used 4585K [0x00000007a0000000, 0x00000007a4b00000, 0x00000007c0000000)
  eden space 66560K, 0% used [0x00000007a0000000,0x00000007a0000000,0x00000007a4100000)
  from space 5120K, 89% used [0x00000007a4600000,0x00000007a4a7a640,0x00000007a4b00000)
  to   space 5120K, 0% used [0x00000007a4100000,0x00000007a4100000,0x00000007a4600000)
 ParOldGen       total 87552K, used 8838K [0x0000000760000000, 0x0000000765580000, 0x00000007a0000000)
  object space 87552K, 10% used [0x0000000760000000,0x00000007608a1b28,0x0000000765580000)
 Metaspace       used 20872K, capacity 21116K, committed 21296K, reserved 1069056K
  class space    used 2636K, capacity 2676K, committed 2688K, reserved 1048576K
Event: 4.028 GC heap after
Heap after GC invocations=6 (full 2):
 PSYoungGen      total 71680K, used 0K [0x00000007a0000000, 0x00000007a4b00000, 0x00000007c0000000)
  eden space 66560K, 0% used [0x00000007a0000000,0x00000007a0000000,0x00000007a4100000)
  from space 5120K, 0% used [0x00000007a4600000,0x00000007a4600000,0x00000007a4b00000)
  to   space 5120K, 0% used [0x00000007a4100000,0x00000007a4100000,0x00000007a4600000)
 ParOldGen       total 49664K, used 5565K [0x0000000760000000, 0x0000000763080000, 0x00000007a0000000)
  object space 49664K, 11% used [0x0000000760000000,0x000000076056f700,0x0000000763080000)
 Metaspace       used 20870K, capacity 21114K, committed 21296K, reserved 1069056K
  class space    used 2635K, capacity 2675K, committed 2688K, reserved 1048576K
}
Event: 5.530 GC heap before
{Heap before GC invocations=7 (full 2):
 PSYoungGen      total 71680K, used 66560K [0x00000007a0000000, 0x00000007a4b00000, 0x00000007c0000000)
  eden space 66560K, 100% used [0x00000007a0000000,0x00000007a4100000,0x00000007a4100000)
  from space 5120K, 0% used [0x00000007a4600000,0x00000007a4600000,0x00000007a4b00000)
  to   space 5120K, 0% used [0x00000007a4100000,0x00000007a4100000,0x00000007a4600000)
 ParOldGen       total 49664K, used 5565K [0x0000000760000000, 0x0000000763080000, 0x00000007a0000000)
  object space 49664K, 11% used [0x0000000760000000,0x000000076056f700,0x0000000763080000)
 Metaspace       used 27695K, capacity 28066K, committed 28416K, reserved 1073152K
  class space    used 3633K, capacity 3743K, committed 3840K, reserved 1048576K
Event: 5.555 GC heap after
Heap after GC invocations=7 (full 2):
 PSYoungGen      total 71680K, used 5116K [0x00000007a0000000, 0x00000007a8100000, 0x00000007c0000000)
  eden space 66560K, 0% used [0x00000007a0000000,0x00000007a0000000,0x00000007a4100000)
  from space 5120K, 99% used [0x00000007a4100000,0x00000007a45ff118,0x00000007a4600000)
  to   space 5120K, 0% used [0x00000007a7c00000,0x00000007a7c00000,0x00000007a8100000)
 ParOldGen       total 49664K, used 14492K [0x0000000760000000, 0x0000000763080000, 0x00000007a0000000)
  object space 49664K, 29% used [0x0000000760000000,0x0000000760e273d0,0x0000000763080000)
 Metaspace       used 27695K, capacity 28066K, committed 28416K, reserved 1073152K
  class space    used 3633K, capacity 3743K, committed 3840K, reserved 1048576K
}
Event: 6.519 GC heap before
{Heap before GC invocations=8 (full 2):
 PSYoungGen      total 71680K, used 48250K [0x00000007a0000000, 0x00000007a8100000, 0x00000007c0000000)
  eden space 66560K, 64% used [0x00000007a0000000,0x00000007a2a1f708,0x00000007a4100000)
  from space 5120K, 99% used [0x00000007a4100000,0x00000007a45ff118,0x00000007a4600000)
  to   space 5120K, 0% used [0x00000007a7c00000,0x00000007a7c00000,0x00000007a8100000)
 ParOldGen       total 49664K, used 14492K [0x0000000760000000, 0x0000000763080000, 0x00000007a0000000)
  object space 49664K, 29% used [0x0000000760000000,0x0000000760e273d0,0x0000000763080000)
 Metaspace       used 34673K, capacity 35122K, committed 35496K, reserved 1081344K
  class space    used 4505K, capacity 4605K, committed 4608K, reserved 1048576K
Event: 6.540 GC heap after
Heap after GC invocations=8 (full 2):
 PSYoungGen      total 112640K, used 5117K [0x00000007a0000000, 0x00000007a9b00000, 0x00000007c0000000)
  eden space 107520K, 0% used [0x00000007a0000000,0x00000007a0000000,0x00000007a6900000)
  from space 5120K, 99% used [0x00000007a7c00000,0x00000007a80ff508,0x00000007a8100000)
  to   space 19456K, 0% used [0x00000007a6900000,0x00000007a6900000,0x00000007a7c00000)
 ParOldGen       total 49664K, used 25667K [0x0000000760000000, 0x0000000763080000, 0x00000007a0000000)
  object space 49664K, 51% used [0x0000000760000000,0x0000000761910d50,0x0000000763080000)
 Metaspace       used 34673K, capacity 35122K, committed 35496K, reserved 1081344K
  class space    used 4505K, capacity 4605K, committed 4608K, reserved 1048576K
}
Event: 6.540 GC heap before
{Heap before GC invocations=9 (full 3):
 PSYoungGen      total 112640K, used 5117K [0x00000007a0000000, 0x00000007a9b00000, 0x00000007c0000000)
  eden space 107520K, 0% used [0x00000007a0000000,0x00000007a0000000,0x00000007a6900000)
  from space 5120K, 99% used [0x00000007a7c00000,0x00000007a80ff508,0x00000007a8100000)
  to   space 19456K, 0% used [0x00000007a6900000,0x00000007a6900000,0x00000007a7c00000)
 ParOldGen       total 49664K, used 25667K [0x0000000760000000, 0x0000000763080000, 0x00000007a0000000)
  object space 49664K, 51% used [0x0000000760000000,0x0000000761910d50,0x0000000763080000)
 Metaspace       used 34673K, capacity 35122K, committed 35496K, reserved 1081344K
  class space    used 4505K, capacity 4605K, committed 4608K, reserved 1048576K

