# JRE version: Java(TM) SE Runtime Environment (8.0_25-b17) (build 1.8.0_25-b17)
# Java VM: Java HotSpot(TM) 64-Bit Server VM (25.25-b02 mixed mode bsd-amd64 compressed oops)
Heap:
 PSYoungGen      total 378880K, used 75754K [0x00000007a0000000, 0x00000007c0000000, 0x00000007c0000000)
  eden space 303104K, 0% used [0x00000007a0000000,0x00000007a0000000,0x00000007b2800000)
  from space 75776K, 99% used [0x00000007bb380000,0x00000007bfd7ab68,0x00000007bfd80000)
  to   space 110592K, 0% used [0x00000007b2800000,0x00000007b2800000,0x00000007b9400000)
 ParOldGen       total 290816K, used 289792K [0x0000000760000000, 0x0000000771c00000, 0x00000007a0000000)
  object space 290816K, 99% used [0x0000000760000000,0x0000000771b00378,0x0000000771c00000)
 Metaspace       used 86087K, capacity 90378K, committed 90584K, reserved 1128448K
  class space    used 11152K, capacity 12020K, committed 12032K, reserved 1048576K
GC Heap History (10 events):
Event: 2782.107 GC heap after
Heap after GC invocations=36 (full 4):
 PSYoungGen      total 455680K, used 25109K [0x00000007a0000000, 0x00000007bfa00000, 0x00000007c0000000)
  eden space 399360K, 0% used [0x00000007a0000000,0x00000007a0000000,0x00000007b8600000)
  from space 56320K, 44% used [0x00000007bc300000,0x00000007bdb85408,0x00000007bfa00000)
  to   space 59392K, 0% used [0x00000007b8600000,0x00000007b8600000,0x00000007bc000000)
 ParOldGen       total 271872K, used 216782K [0x0000000760000000, 0x0000000770980000, 0x00000007a0000000)
  object space 271872K, 79% used [0x0000000760000000,0x000000076d3b3a68,0x0000000770980000)
 Metaspace       used 79814K, capacity 83630K, committed 83800K, reserved 1122304K
  class space    used 10565K, capacity 11346K, committed 11392K, reserved 1048576K
}
Event: 2786.311 GC heap before
{Heap before GC invocations=37 (full 4):
 PSYoungGen      total 455680K, used 424469K [0x00000007a0000000, 0x00000007bfa00000, 0x00000007c0000000)
  eden space 399360K, 100% used [0x00000007a0000000,0x00000007b8600000,0x00000007b8600000)
  from space 56320K, 44% used [0x00000007bc300000,0x00000007bdb85408,0x00000007bfa00000)
  to   space 59392K, 0% used [0x00000007b8600000,0x00000007b8600000,0x00000007bc000000)
 ParOldGen       total 271872K, used 216782K [0x0000000760000000, 0x0000000770980000, 0x00000007a0000000)
  object space 271872K, 79% used [0x0000000760000000,0x000000076d3b3a68,0x0000000770980000)
 Metaspace       used 80628K, capacity 84566K, committed 84696K, reserved 1122304K
  class space    used 10669K, capacity 11462K, committed 11520K, reserved 1048576K
Event: 2786.351 GC heap after
Heap after GC invocations=37 (full 4):
 PSYoungGen      total 458752K, used 39047K [0x00000007a0000000, 0x00000007c0000000, 0x00000007c0000000)
  eden space 399360K, 0% used [0x00000007a0000000,0x00000007a0000000,0x00000007b8600000)
  from space 59392K, 65% used [0x00000007b8600000,0x00000007bac21d50,0x00000007bc000000)
  to   space 61952K, 0% used [0x00000007bc380000,0x00000007bc380000,0x00000007c0000000)
 ParOldGen       total 271872K, used 216790K [0x0000000760000000, 0x0000000770980000, 0x00000007a0000000)
  object space 271872K, 79% used [0x0000000760000000,0x000000076d3b5a68,0x0000000770980000)
 Metaspace       used 80628K, capacity 84566K, committed 84696K, reserved 1122304K
  class space    used 10669K, capacity 11462K, committed 11520K, reserved 1048576K
}
Event: 2803.137 GC heap before
{Heap before GC invocations=38 (full 4):
 PSYoungGen      total 458752K, used 438407K [0x00000007a0000000, 0x00000007c0000000, 0x00000007c0000000)
  eden space 399360K, 100% used [0x00000007a0000000,0x00000007b8600000,0x00000007b8600000)
  from space 59392K, 65% used [0x00000007b8600000,0x00000007bac21d50,0x00000007bc000000)
  to   space 61952K, 0% used [0x00000007bc380000,0x00000007bc380000,0x00000007c0000000)
 ParOldGen       total 271872K, used 216790K [0x0000000760000000, 0x0000000770980000, 0x00000007a0000000)
  object space 271872K, 79% used [0x0000000760000000,0x000000076d3b5a68,0x0000000770980000)
 Metaspace       used 83016K, capacity 87122K, committed 87256K, reserved 1124352K
  class space    used 10918K, capacity 11752K, committed 11776K, reserved 1048576K
Event: 2803.177 GC heap after
Heap after GC invocations=38 (full 4):
 PSYoungGen      total 429568K, used 32293K [0x00000007a0000000, 0x00000007bef80000, 0x00000007c0000000)
  eden space 384512K, 0% used [0x00000007a0000000,0x00000007a0000000,0x00000007b7780000)
  from space 45056K, 71% used [0x00000007bc380000,0x00000007be309508,0x00000007bef80000)
  to   space 61440K, 0% used [0x00000007b7780000,0x00000007b7780000,0x00000007bb380000)
 ParOldGen       total 271872K, used 216798K [0x0000000760000000, 0x0000000770980000, 0x00000007a0000000)
  object space 271872K, 79% used [0x0000000760000000,0x000000076d3b7a68,0x0000000770980000)
 Metaspace       used 83016K, capacity 87122K, committed 87256K, reserved 1124352K
  class space    used 10918K, capacity 11752K, committed 11776K, reserved 1048576K
}
Event: 2828.773 GC heap before
{Heap before GC invocations=39 (full 4):
 PSYoungGen      total 429568K, used 416805K [0x00000007a0000000, 0x00000007bef80000, 0x00000007c0000000)
  eden space 384512K, 100% used [0x00000007a0000000,0x00000007b7780000,0x00000007b7780000)
  from space 45056K, 71% used [0x00000007bc380000,0x00000007be309508,0x00000007bef80000)
  to   space 61440K, 0% used [0x00000007b7780000,0x00000007b7780000,0x00000007bb380000)
 ParOldGen       total 271872K, used 216798K [0x0000000760000000, 0x0000000770980000, 0x00000007a0000000)
  object space 271872K, 79% used [0x0000000760000000,0x000000076d3b7a68,0x0000000770980000)
 Metaspace       used 85848K, capacity 90090K, committed 90328K, reserved 1128448K
  class space    used 11122K, capacity 11988K, committed 12032K, reserved 1048576K
Event: 2828.848 GC heap after
Heap after GC invocations=39 (full 4):
 PSYoungGen      total 431616K, used 61435K [0x00000007a0000000, 0x00000007bfd80000, 0x00000007c0000000)
  eden space 370176K, 0% used [0x00000007a0000000,0x00000007a0000000,0x00000007b6980000)
  from space 61440K, 99% used [0x00000007b7780000,0x00000007bb37ecc0,0x00000007bb380000)
  to   space 75776K, 0% used [0x00000007bb380000,0x00000007bb380000,0x00000007bfd80000)
 ParOldGen       total 271872K, used 228922K [0x0000000760000000, 0x0000000770980000, 0x00000007a0000000)
  object space 271872K, 84% used [0x0000000760000000,0x000000076df8eb10,0x0000000770980000)
 Metaspace       used 85848K, capacity 90090K, committed 90328K, reserved 1128448K
  class space    used 11122K, capacity 11988K, committed 12032K, reserved 1048576K
}
Event: 2830.511 GC heap before
{Heap before GC invocations=40 (full 4):
 PSYoungGen      total 431616K, used 431611K [0x00000007a0000000, 0x00000007bfd80000, 0x00000007c0000000)
  eden space 370176K, 100% used [0x00000007a0000000,0x00000007b6980000,0x00000007b6980000)
  from space 61440K, 99% used [0x00000007b7780000,0x00000007bb37ecc0,0x00000007bb380000)
  to   space 75776K, 0% used [0x00000007bb380000,0x00000007bb380000,0x00000007bfd80000)
 ParOldGen       total 271872K, used 228922K [0x0000000760000000, 0x0000000770980000, 0x00000007a0000000)
  object space 271872K, 84% used [0x0000000760000000,0x000000076df8eb10,0x0000000770980000)
 Metaspace       used 86087K, capacity 90378K, committed 90584K, reserved 1128448K
  class space    used 11152K, capacity 12020K, committed 12032K, reserved 1048576K
Event: 2830.688 GC heap after
Heap after GC invocations=40 (full 4):
 PSYoungGen      total 378880K, used 75754K [0x00000007a0000000, 0x00000007c0000000, 0x00000007c0000000)
  eden space 303104K, 0% used [0x00000007a0000000,0x00000007a0000000,0x00000007b2800000)
  from space 75776K, 99% used [0x00000007bb380000,0x00000007bfd7ab68,0x00000007bfd80000)
  to   space 110592K, 0% used [0x00000007b2800000,0x00000007b2800000,0x00000007b9400000)
 ParOldGen       total 290816K, used 289792K [0x0000000760000000, 0x0000000771c00000, 0x00000007a0000000)
  object space 290816K, 99% used [0x0000000760000000,0x0000000771b00378,0x0000000771c00000)
 Metaspace       used 86087K, capacity 90378K, committed 90584K, reserved 1128448K
  class space    used 11152K, capacity 12020K, committed 12032K, reserved 1048576K
}
Event: 2830.688 GC heap before
{Heap before GC invocations=41 (full 5):
 PSYoungGen      total 378880K, used 75754K [0x00000007a0000000, 0x00000007c0000000, 0x00000007c0000000)
  eden space 303104K, 0% used [0x00000007a0000000,0x00000007a0000000,0x00000007b2800000)
  from space 75776K, 99% used [0x00000007bb380000,0x00000007bfd7ab68,0x00000007bfd80000)
  to   space 110592K, 0% used [0x00000007b2800000,0x00000007b2800000,0x00000007b9400000)
 ParOldGen       total 290816K, used 289792K [0x0000000760000000, 0x0000000771c00000, 0x00000007a0000000)
  object space 290816K, 99% used [0x0000000760000000,0x0000000771b00378,0x0000000771c00000)
 Metaspace       used 86087K, capacity 90378K, committed 90584K, reserved 1128448K
  class space    used 11152K, capacity 12020K, committed 12032K, reserved 1048576K

